\BOOKMARK [1][-]{section*.2}{Overview}{}% 1
\BOOKMARK [1][-]{section*.3}{Design Improvements}{}% 2
\BOOKMARK [1][-]{section*.4}{User Goals}{}% 3
\BOOKMARK [1][-]{section*.5}{Microsoft Money}{}% 4
\BOOKMARK [2][-]{section*.6}{Description}{section*.5}% 5
\BOOKMARK [2][-]{section*.7}{User Tasks}{section*.5}% 6
\BOOKMARK [2][-]{section*.8}{Critique}{section*.5}% 7
\BOOKMARK [1][-]{section*.9}{Apple Stocks}{}% 8
\BOOKMARK [2][-]{section*.10}{Description}{section*.9}% 9
\BOOKMARK [2][-]{section*.11}{User Tasks}{section*.9}% 10
\BOOKMARK [2][-]{section*.12}{Critique}{section*.9}% 11
\BOOKMARK [1][-]{section*.13}{HTC Stocks}{}% 12
\BOOKMARK [2][-]{section*.14}{Description}{section*.13}% 13
\BOOKMARK [2][-]{section*.15}{User Tasks}{section*.13}% 14
\BOOKMARK [2][-]{section*.16}{Critique}{section*.13}% 15
\BOOKMARK [1][-]{section*.17}{YAHOO! Finance}{}% 16
\BOOKMARK [2][-]{section*.18}{Description}{section*.17}% 17
\BOOKMARK [2][-]{section*.19}{User Tasks}{section*.17}% 18
\BOOKMARK [2][-]{section*.20}{Critique}{section*.17}% 19
\BOOKMARK [1][-]{section*.21}{Conclusion}{}% 20
\BOOKMARK [1][-]{section*.22}{REFERENCES }{}% 21
